        -:    0:Source:luolastori.cpp
        -:    0:Graph:luolastori.gcno
        -:    0:Data:luolastori.gcda
        -:    0:Runs:1
        -:    1:#include "luolastori.hpp"
        -:    2:#include <time.h>
        -:    3:#include <stdlib.h>
        -:    4:#include <iostream>
        -:    5:
        1:    6:Luola::Luola() {
        1:    7:	srand(time(NULL));	//alusta randomizeri kellosta (sekunnin tarkkuus)
        1:    8:	suunnat[0] = 0;		//alusta ilmansuunnat
        1:    9:	suunnat[1] = 1;
        1:   10:	suunnat[2] = 2;
        1:   11:	suunnat[3] = 3;
        1:   12:	monesko = 1;		//alueitten id-laskuri
        -:   13:
        -:   14:	//alusta luolasto pelkäksi seinäksi
       42:   15:        for (int i = 0; i < LUOLASTON_KOKO; i++) {
     1722:   16:                for (int j = 0; j < LUOLASTON_KOKO; j++) {
     1681:   17:                        tayta(i,j);
        -:   18:                }
        -:   19:        }
        1:   20:}
        -:   21:
        -:   22:
    #####:   23:void Luola::tulosta() {
    #####:   24:        for (int i = 0; i < LUOLASTON_KOKO; i++) { 
    #####:   25:                for (int j = 0; j < LUOLASTON_KOKO; j++) { 
        -:   26://                        std::cout << char(47+tila(j,i)); 
    #####:   27:                        std::cout << (tila(j,i)?" ":"X");
        -:   28:                } 
    #####:   29:                std::cout << std::endl; 
        -:   30:        }
    #####:   31:}
        -:   32:
        -:   33:
        -:   34://>0 on jotain muuta kuin seinää. monekso on alueen id, id:tä käytetään alueiden yhdistämisessä
     2328:   35:void Luola::vuole(int x, int y) {
     2328:   36:	luola[x][y] = monesko;
     2328:   37:}
        -:   38:
        -:   39:
        -:   40://0 on seinää
     2117:   41:void Luola::tayta(int x, int y) {
     2117:   42:	luola[x][y] = 0;
     2117:   43:}
        -:   44:
        -:   45:
        -:   46://palauttaa joko 0 jos seinää tai alueen id:n
    67945:   47:int Luola::tila(int x, int y) {
    67945:   48:	return luola[x][y];
        -:   49:}
        -:   50:
        -:   51:
        3:   52:void Luola::tee_huone(bool pinoa) {
        -:   53:	//luodaan mitat huoneelle, jos menisi yli luolaston niin return
        3:   54:	int x = ((rand() % ((LUOLASTON_KOKO-HUONEEN_KOKO-1)/2)) * 2 + 1);
        3:   55:	int y = ((rand() % ((LUOLASTON_KOKO-HUONEEN_KOKO-1)/2)) * 2 + 1);
        3:   56:	int sivu = rand() % HUONEEN_KOKO * 2 + 3;
        3:   57:	int sivu2 = rand() % HUONEEN_KOKO * 2 + 3;
       3*:   58:	if (x+sivu > LUOLASTON_KOKO-1) return;
       3*:   59:	if (y+sivu2 > LUOLASTON_KOKO-1) return;
        -:   60:
        -:   61:	//tarkastaa menisikö uusi huone jo luodun alueen päälle, jos menee niin return
        3:   62:	if (pinoa == false) {
        3:   63:		int xx = x;
        3:   64:		int yy = y;
        3:   65:		int xs = x+sivu;
        3:   66:		int ys = y+sivu2;
       3*:   67:		if (x<3) xx = 3;
       3*:   68:		if (y<3) yy = 3;
       3*:   69:		if (x+sivu > LUOLASTON_KOKO-2) xs=LUOLASTON_KOKO-2;
       3*:   70:		if (y+sivu2 > LUOLASTON_KOKO-2) ys=LUOLASTON_KOKO-2;
        -:   71:
       17:   72:		for (int i = xx; i<xs; i++) {
      169:   73:			for (int j = yy; j<ys; j++) {
      155:   74:				if (tila(i,j)) {
        -:   75://	std::cout << "en tehny: " << x << " " << y << " " << sivu << " " << sivu2 << " " << std::endl << "koska: " << i << " ja " << j << std::endl;
        1:   76:					return;
        -:   77:				}
        -:   78:			}
        -:   79:		}
        -:   80:	}
        -:   81://	std::cout << "    teen: " << x << " " << y << " " << sivu << " " << sivu2 << " " << std::endl;
        -:   82:
        -:   83:	//tämä tekee itse huoneen
       16:   84:	for (int i = x; i<x+sivu; i++) {
      168:   85:		for (int j = y; j<y+sivu2; j++) {
      154:   86:			vuole(i,j);
        -:   87:		}
        -:   88:	}
        -:   89:	//lisätään alue-id-laskuria
        2:   90:	monesko++;
        -:   91:}
        -:   92:
        -:   93:
        -:   94://lähde tekemään sokkeloa jokaisesta parittomasta (x,y) parista. lisätään alue-id-laskuria jos luotiin alue
        1:   95:void Luola::tee_sokkelot() {
       21:   96:	for (int i = 1; i<LUOLASTON_KOKO-1; i+=2) {
      420:   97:		for (int j = 1; j<LUOLASTON_KOKO-1; j+=2) {
      400:   98:			if (tila(i,j) == 0) {
        1:   99:				tee_sokkelo(i,j);
        1:  100:				monesko++;
        -:  101:			}
        -:  102:		}
        -:  103:	}
        1:  104:}
        -:  105:
        -:  106:
        -:  107://käydään luolasto läpi, ja jos löytyy jokin kohta joka ei ole seinää mutta jonka ympärillä
        -:  108://on vähintään 3 seinää, niin täytetään ko. alue. tämä poistaa umpikujat.
        -:  109://i-- ja j-- siirtyy kolumnin ja rivin taaksepäin, jotta myös vasemmalta ja ylhäältä
        -:  110://tulevat umpikujat poistuvat
        1:  111:void Luola::poista_umpikujat() {
      476:  112:	for (int i = 1; i<LUOLASTON_KOKO-1; i+=1) {
    19436:  113:		for (int j = 1; j<LUOLASTON_KOKO-1; j+=1) {
    18961:  114:			int laskuri = 0;
    18961:  115:			if (tila(i,j) > 0) {
     6386:  116:				if(tila(i+1,j) == 0) laskuri++;
     6386:  117:				if(tila(i-1,j) == 0) laskuri++;
     6386:  118:				if(tila(i,j+1) == 0) laskuri++;
     6386:  119:				if(tila(i,j-1) == 0) laskuri++;
     6386:  120:				if(laskuri > 2) {
      436:  121:					tayta(i,j);
      436:  122:					i--;
      436:  123:					j--;
        -:  124:				}
        -:  125:			}
        -:  126:		}
        -:  127:	}
        1:  128:}
        -:  129:
        -:  130:
        -:  131://jos löytyy seinä jonka joko horisontaalisesti tai vertikaalisti on kahta eri aluetta,
        -:  132://poistetaan ko. seinä ja ajetaan flood fill joka päivittää näiden kahden eri alueen id:t samaksi
        1:  133:void Luola::puhko() {
       40:  134:	for (int i = 1; i<LUOLASTON_KOKO-1; i+=1) {
     1560:  135:		for (int j = 1; j<LUOLASTON_KOKO-1; j+=1) {
     1521:  136:			if (tila(j,i) == 0) {
      664:  137:				int t = tila(j-1,i);
      664:  138:				int t2 = tila(j+1,i);
      664:  139:				if (t) {
      346:  140:					if (t2 && t2 != t) {
        2:  141:						monesko = t;
        2:  142:						fillaa(j,i);
        -:  143:					}
        -:  144:				}
        -:  145:			}
        -:  146:		}
        -:  147:	}
        1:  148:}
        -:  149:
        -:  150:
        -:  151://simppeli rekursiivinen flood fill
      156:  152:void Luola::fillaa(int x, int y) {
      156:  153:	vuole(x,y);
      156:  154:	if (tila(x+1,y) > 0 && tila(x+1,y) != monesko) fillaa(x+1,y);
      156:  155:	if (tila(x-1,y) > 0 && tila(x-1,y) != monesko) fillaa(x-1,y);
      156:  156:	if (tila(x,y+1) > 0 && tila(x,y+1) != monesko) fillaa(x,y+1);
     156*:  157:	if (tila(x,y-1) > 0 && tila(x,y-1) != monesko) fillaa(x,y-1);
      156:  158:}
        -:  159:
        -:  160://TESTEJÄ VARTEN
        -:  161://sama kuin yllä mutta laskurilla joka laskee montako neliötä filli löysi
     1315:  162:void Luola::fillaa_testille(int x, int y, int *laskuri) {
     1315:  163:	vuole(x,y);
     1315:  164:	if (tila(x+1,y) > 0 && tila(x+1,y) != monesko) {(*laskuri)++; fillaa_testille(x+1,y,laskuri);}
     1315:  165:	if (tila(x-1,y) > 0 && tila(x-1,y) != monesko) {(*laskuri)++; fillaa_testille(x-1,y,laskuri);}
     1315:  166:	if (tila(x,y+1) > 0 && tila(x,y+1) != monesko) {(*laskuri)++; fillaa_testille(x,y+1,laskuri);}
     1315:  167:	if (tila(x,y-1) > 0 && tila(x,y-1) != monesko) {(*laskuri)++; fillaa_testille(x,y-1,laskuri);}
     1315:  168:}
        -:  169:
        -:  170:
        -:  171://heitetään kolikkoa kolme kertaa, jos kruuna niin swapataan suunnat[]-arrayssa olevia arvoja ympäriinsä
        -:  172://tämä on riittävä satunnaisuus tässä kontekstissa
      352:  173:int* Luola::sotke() {
        -:  174:	int vali;
      352:  175:	if (rand()%2) {
      183:  176:		vali = suunnat[0];
      183:  177:		suunnat[0] = suunnat[3];
      183:  178:		suunnat[3] = vali;
        -:  179:	}
      352:  180:	if (rand()%2) {
      183:  181:		vali = suunnat[0];
      183:  182:		suunnat[0] = suunnat[2];
      183:  183:		suunnat[2] = vali;
        -:  184:	}
      352:  185:	if (rand()%2) {
      172:  186:		vali = suunnat[0];
      172:  187:		suunnat[0] = suunnat[1];
      172:  188:		suunnat[1] = vali;
        -:  189:	}
        -:  190://	std::cout << suunnat[0] << suunnat[1] << suunnat[2] << suunnat[3] << std::endl;
      352:  191:	return suunnat;
        -:  192:}
        -:  193:
        -:  194:
        -:  195://rekursiivinen luolaston generointi.
        -:  196://tarvitaan mun_suunnat[] johon kopioidaan lokaali suuntajärjestys.
        -:  197://jos vain käytetään globaalia suunnat[]-arraya, rekursio kutsuu sotke() algoritmia
        -:  198://joka sekoittaa globaalin suunnat[]-arrayn jolloin lokaalisti ei välttämättä lähdetä joka suuntaan.
        -:  199://tämä on sinänsä ihan ok mutta tämä luo yhtenäisemmän luolaston.
      352:  200:void Luola::tee_sokkelo(int x, int y) {
      352:  201:	vuole(x,y);
      352:  202:	int* g_suunnat = sotke();
        -:  203:	int mun_suunnat[4];
      352:  204:	mun_suunnat[0] = g_suunnat[0];
      352:  205:	mun_suunnat[1] = g_suunnat[1];
      352:  206:	mun_suunnat[2] = g_suunnat[2];
      352:  207:	mun_suunnat[3] = g_suunnat[3];
        -:  208:
     1760:  209:	for (int i=0; i<4; i++) {
     1408:  210:		int suunta = mun_suunnat[i];
     1408:  211:		switch(suunta) {
      352:  212:		case 0: //"oikealle"
      352:  213:			if ((x+2<LUOLASTON_KOKO) && tila(x+2,y) == 0) {
       86:  214:				vuole(x+1,y);
       86:  215:				tee_sokkelo(x+2,y);
        -:  216:			}
      352:  217:		break;
      352:  218:		case 1: //"vasemmalle"
      352:  219:			if ((x-2>0) && tila(x-2,y) == 0) {
       87:  220:				vuole(x-1,y);
       87:  221:				tee_sokkelo(x-2,y);
        -:  222:			}
      352:  223:		break;
      352:  224:		case 2: //"alas"
      352:  225:			if ((y+2<LUOLASTON_KOKO) && tila(x,y+2) == 0) {
       91:  226:				vuole(x,y+1);
       91:  227:				tee_sokkelo(x,y+2);
        -:  228:			}
      352:  229:		break;
      352:  230:		case 3: //"ylös"
      352:  231:			if ((y-2>0) && tila(x,y-2) == 0) {
       87:  232:				vuole(x,y-1);
       87:  233:				tee_sokkelo(x,y-2);
        -:  234:			}
      352:  235:		break;
        -:  236:		}
        -:  237:	}
      352:  238:}
        -:  239:
        -:  240:
        -:  241:
        -:  242://TESTEJÄ VARTEN
        -:  243://tämä laskee montako tyhjää (eli ei-seinää, eli >0) luolastossa on
        4:  244:int Luola::montako_tyhjaa() {
        4:  245:	int laskuri = 0;
      168:  246:	for(int i=0;i < LUOLASTON_KOKO; i++) {
     6888:  247:		for(int j=0;j < LUOLASTON_KOKO; j++) {
     6724:  248:			if (tila(j,i) > 0) laskuri++;
        -:  249:		}
        -:  250:	}
        4:  251:	return laskuri;
        -:  252:}
        -:  253:
        -:  254:
        -:  255://TESTEJÄ VARTEN
        -:  256://tämä etsii jonkin kohdan luolastosta joka ei ole seinää ja ajaa siihen flood fillin
        4:  257:int Luola::moneenko_fillaa() {
        4:  258:	testi_laskuri = 0;
        4:  259:	monesko++;
        4:  260:	int jatka = 0;
       65:  261:	for (int i = 1; i < LUOLASTON_KOKO-1; i++) {
     2467:  262:		for (int j = 1; j < LUOLASTON_KOKO-1; j++) {
     2406:  263:			if (tila(i,j)>0) {
        3:  264:				testi_laskuri = 1;
        3:  265:				fillaa_testille(i,j,&testi_laskuri);
        3:  266:				jatka = 1;
        -:  267:			}
     2406:  268:		if (jatka) break;
        -:  269:		}
       64:  270:	if (jatka) break;
        -:  271:	}
        4:  272:	monesko++;
        4:  273:	return testi_laskuri;
        -:  274:}
